[0.036s] Invoking command in '/home/nithish/ur10e_ws/build/ros2_nr_motion_control': CMAKE_PREFIX_PATH=/home/nithish/ur10e_ws/install/ur_simulation_gazebo:/home/nithish/ur10e_ws/install/ros2_nr_motion_control:/home/nithish/ur10e_ws/install/my_moveit_config:/home/nithish/tesseract_ws/install/ur10e:/home/nithish/tesseract_ws/install/ur10e_sim:/home/nithish/tesseract_ws/install/ur10e_control:/home/nithish/tesseract_ws/install/ur10e_moveit_config:/home/nithish/tesseract_ws/install/ur10e_description:/home/nithish/tesseract_ws/install/moveit_task_constructor_visualization:/home/nithish/tesseract_ws/install/moveit_task_constructor_demo:/home/nithish/tesseract_ws/install/moveit_task_constructor_capabilities:/home/nithish/tesseract_ws/install/moveit_task_constructor_core:/home/nithish/tesseract_ws/install/rviz_marker_tools:/home/nithish/tesseract_ws/install/moveit_task_constructor_msgs:/home/nithish/tesseract_ws/install/ign_ros2_control:/home/nithish/ws_moveit2/install/pilz_industrial_motion_planner_testutils:/home/nithish/ws_moveit2/install/moveit_runtime:/home/nithish/ws_moveit2/install/moveit:/home/nithish/ws_moveit2/install/moveit_planners:/home/nithish/ws_moveit2/install/pilz_industrial_motion_planner:/home/nithish/ws_moveit2/install/moveit_ros_control_interface:/home/nithish/ws_moveit2/install/moveit_plugins:/home/nithish/ws_moveit2/install/moveit_simple_controller_manager:/home/nithish/ws_moveit2/install/moveit_setup_assistant:/home/nithish/ws_moveit2/install/moveit_setup_srdf_plugins:/home/nithish/ws_moveit2/install/moveit_setup_core_plugins:/home/nithish/ws_moveit2/install/moveit_setup_controllers:/home/nithish/ws_moveit2/install/moveit_setup_app_plugins:/home/nithish/ws_moveit2/install/moveit_setup_framework:/home/nithish/ws_moveit2/install/moveit_servo:/home/nithish/ws_moveit2/install/moveit_ros:/home/nithish/ws_moveit2/install/moveit_ros_visualization:/home/nithish/ws_moveit2/install/moveit_hybrid_planning:/home/nithish/ws_moveit2/install/moveit_ros_planning_interface:/home/nithish/ws_moveit2/install/moveit_ros_benchmarks:/home/nithish/ws_moveit2/install/moveit_ros_warehouse:/home/nithish/ws_moveit2/install/moveit_ros_robot_interaction:/home/nithish/ws_moveit2/install/moveit_ros_perception:/home/nithish/ws_moveit2/install/moveit_resources_prbt_pg70_support:/home/nithish/ws_moveit2/install/moveit_resources_prbt_moveit_config:/home/nithish/ws_moveit2/install/moveit_ros_move_group:/home/nithish/ws_moveit2/install/moveit_planners_ompl:/home/nithish/ws_moveit2/install/moveit_ros_planning:/home/nithish/ws_moveit2/install/moveit_ros_occupancy_map_monitor:/home/nithish/ws_moveit2/install/moveit_resources_prbt_support:/home/nithish/ws_moveit2/install/moveit_resources_prbt_ikfast_manipulator_plugin:/home/nithish/ws_moveit2/install/moveit_planners_chomp:/home/nithish/ws_moveit2/install/moveit_kinematics:/home/nithish/ws_moveit2/install/moveit_chomp_optimizer_adapter:/home/nithish/ws_moveit2/install/chomp_motion_planner:/home/nithish/ws_moveit2/install/moveit_core:/home/nithish/ws_moveit2/install/moveit_common:/home/nithish/rviz2_ws/install:/home/nithish/robotic_arm_ws/install/ur_simulation_gz:/home/nithish/robotic_arm_ws/install/ur:/home/nithish/robotic_arm_ws/install/ur_calibration:/home/nithish/robotic_arm_ws/install/ur_robot_driver:/home/nithish/robotic_arm_ws/install/ur_moveit_config:/home/nithish/robotic_arm_ws/install/ur_bringup:/home/nithish/robotic_arm_ws/install/ur_description:/home/nithish/robotic_arm_ws/install/ur_controllers:/home/nithish/robotic_arm_ws/install/ur_dashboard_msgs:/home/nithish/ur10e_ws/install/servo_control:/home/nithish/ws_moveit2/install/moveit_configs_utils:/home/nithish/robotic_arm_ws/install/path_planner:/opt/ros/humble /usr/bin/cmake --build /home/nithish/ur10e_ws/build/ros2_nr_motion_control -- -j12 -l12
[0.122s] [35m[1mConsolidate compiler generated dependencies of target cartesian_space_trajectory_node[0m
[0.137s] [ 12%] Built target gtest
[0.140s] [ 25%] Built target gtest_main
[0.147s] [ 37%] Built target joint_space_trajectory_node
[0.147s] [ 50%] Built target joint_sine_publisher
[0.150s] [ 68%] Built target helix_trajectory_publisher
[0.150s] [ 75%] Built target joint_angle_publisher
[0.160s] [ 81%] [32mBuilding CXX object CMakeFiles/cartesian_space_trajectory_node.dir/src/cartesian_space_trajectory_node.cpp.o[0m
[0.176s] [ 93%] Built target test_robot_arm_motion_planner
[2.952s] [01m[K/home/nithish/ur10e_ws/src/ros2_nr_motion_control/src/cartesian_space_trajectory_node.cpp:[m[K In constructor â€˜[01m[KCombinedMotionNode::CombinedMotionNode()[m[Kâ€™:
[2.952s] [01m[K/home/nithish/ur10e_ws/src/ros2_nr_motion_control/src/cartesian_space_trajectory_node.cpp:48:29:[m[K [01;31m[Kerror: [m[Kparse error in template argument list
[2.952s]    48 |         marker_pub_ = this->[01;31m[Kcreate_publisher<visualization_msgs::msg/MarkerArray>[m[K(
[2.952s]       |                             [01;31m[K^~~~~~~~~~~~~~~~~~~~~~~~~~~~~~~~~~~~~~~~~~~~~~~~~~~~~[m[K
[2.953s] [01m[K/home/nithish/ur10e_ws/src/ros2_nr_motion_control/src/cartesian_space_trajectory_node.cpp:48:82:[m[K [01;31m[Kerror: [m[Kno matching function for call to â€˜[01m[KCombinedMotionNode::create_publisher<<expression error> >(const char [23], int)[m[Kâ€™
[2.953s]    48 |         marker_pub_ = [01;31m[Kthis->create_publisher<visualization_msgs::msg/MarkerArray>([m[K
[2.953s]       |                       [01;31m[K~~~~~~~~~~~~~~~~~~~~~~~~~~~~~~~~~~~~~~~~~~~~~~~~~~~~~~~~~~~^[m[K
[2.953s]    49 | [01;31m[K            "/ik_trajectory_markers", 10)[m[K;
[2.953s]       |             [01;31m[K~~~~~~~~~~~~~~~~~~~~~~~~~~~~~[m[K                                         
[2.953s] In file included from [01m[K/opt/ros/humble/include/rclcpp/rclcpp/node.hpp:1321[m[K,
[2.953s]                  from [01m[K/opt/ros/humble/include/rclcpp/rclcpp/executors/single_threaded_executor.hpp:28[m[K,
[2.953s]                  from [01m[K/opt/ros/humble/include/rclcpp/rclcpp/executors.hpp:22[m[K,
[2.953s]                  from [01m[K/opt/ros/humble/include/rclcpp/rclcpp/rclcpp.hpp:155[m[K,
[2.953s]                  from [01m[K/home/nithish/ur10e_ws/src/ros2_nr_motion_control/src/cartesian_space_trajectory_node.cpp:1[m[K:
[2.953s] [01m[K/opt/ros/humble/include/rclcpp/rclcpp/node_impl.hpp:73:1:[m[K [01;36m[Knote: [m[Kcandidate: â€˜[01m[Ktemplate<class MessageT, class AllocatorT, class PublisherT> std::shared_ptr<PublisherT> rclcpp::Node::create_publisher(const string&, const rclcpp::QoS&, const rclcpp::PublisherOptionsWithAllocator<AllocatorT>&)[m[Kâ€™
[2.953s]    73 | [01;36m[KNode[m[K::create_publisher(
[2.954s]       | [01;36m[K^~~~[m[K
[2.954s] [01m[K/opt/ros/humble/include/rclcpp/rclcpp/node_impl.hpp:73:1:[m[K [01;36m[Knote: [m[K  template argument deduction/substitution failed:
[2.954s] [01m[K/home/nithish/ur10e_ws/src/ros2_nr_motion_control/src/cartesian_space_trajectory_node.cpp:48:82:[m[K [01;31m[Kerror: [m[Ktemplate argument 1 is invalid
[2.954s]    48 |         marker_pub_ = [01;31m[Kthis->create_publisher<visualization_msgs::msg/MarkerArray>([m[K
[2.954s]       |                       [01;31m[K~~~~~~~~~~~~~~~~~~~~~~~~~~~~~~~~~~~~~~~~~~~~~~~~~~~~~~~~~~~^[m[K
[2.954s]    49 | [01;31m[K            "/ik_trajectory_markers", 10)[m[K;
[2.954s]       |             [01;31m[K~~~~~~~~~~~~~~~~~~~~~~~~~~~~~[m[K                                         
[2.964s] [01m[K/home/nithish/ur10e_ws/src/ros2_nr_motion_control/src/cartesian_space_trajectory_node.cpp:[m[K In member function â€˜[01m[Kvoid CombinedMotionNode::publishNextPoint()[m[Kâ€™:
[2.964s] [01m[K/home/nithish/ur10e_ws/src/ros2_nr_motion_control/src/cartesian_space_trajectory_node.cpp:139:39:[m[K [01;31m[Kerror: [m[Kâ€˜[01m[Kusing element_type = class rclcpp::TimerBase[m[Kâ€™ {aka â€˜[01m[Kclass rclcpp::TimerBase[m[Kâ€™} has no member named â€˜[01m[Kis_running[m[Kâ€™
[2.964s]   139 |                 if (timer_ && timer_->[01;31m[Kis_running[m[K()) {
[2.964s]       |                                       [01;31m[K^~~~~~~~~~[m[K
[2.966s] [01m[K/home/nithish/ur10e_ws/src/ros2_nr_motion_control/src/cartesian_space_trajectory_node.cpp:[m[K In member function â€˜[01m[Kvoid CombinedMotionNode::handleTransitionInward()[m[Kâ€™:
[2.966s] [01m[K/home/nithish/ur10e_ws/src/ros2_nr_motion_control/src/cartesian_space_trajectory_node.cpp:182:40:[m[K [01;31m[Kerror: [m[Kâ€˜[01m[Kinterpolate[m[Kâ€™ is not a member of â€˜[01m[KKDL[m[Kâ€™
[2.966s]   182 |         KDL::Vector current_pos = KDL::[01;31m[Kinterpolate[m[K(start_pos, end_pos, progress);
[2.966s]       |                                        [01;31m[K^~~~~~~~~~~[m[K
[2.967s] [01m[K/home/nithish/ur10e_ws/src/ros2_nr_motion_control/src/cartesian_space_trajectory_node.cpp:[m[K In member function â€˜[01m[Kvoid CombinedMotionNode::handleTransitionArcUpOut()[m[Kâ€™:
[2.967s] [01m[K/home/nithish/ur10e_ws/src/ros2_nr_motion_control/src/cartesian_space_trajectory_node.cpp:207:33:[m[K [01;31m[Kerror: [m[Kâ€˜[01m[Kinterpolate[m[Kâ€™ is not a member of â€˜[01m[KKDL[m[Kâ€™
[2.967s]   207 |         double current_z = KDL::[01;31m[Kinterpolate[m[K(p_start.z(), p_end.z(), progress);
[2.967s]       |                                 [01;31m[K^~~~~~~~~~~[m[K
[5.181s] gmake[2]: *** [CMakeFiles/cartesian_space_trajectory_node.dir/build.make:76: CMakeFiles/cartesian_space_trajectory_node.dir/src/cartesian_space_trajectory_node.cpp.o] Error 1
[5.181s] gmake[1]: *** [CMakeFiles/Makefile2:243: CMakeFiles/cartesian_space_trajectory_node.dir/all] Error 2
[5.182s] gmake: *** [Makefile:146: all] Error 2
[5.185s] Invoked command in '/home/nithish/ur10e_ws/build/ros2_nr_motion_control' returned '2': CMAKE_PREFIX_PATH=/home/nithish/ur10e_ws/install/ur_simulation_gazebo:/home/nithish/ur10e_ws/install/ros2_nr_motion_control:/home/nithish/ur10e_ws/install/my_moveit_config:/home/nithish/tesseract_ws/install/ur10e:/home/nithish/tesseract_ws/install/ur10e_sim:/home/nithish/tesseract_ws/install/ur10e_control:/home/nithish/tesseract_ws/install/ur10e_moveit_config:/home/nithish/tesseract_ws/install/ur10e_description:/home/nithish/tesseract_ws/install/moveit_task_constructor_visualization:/home/nithish/tesseract_ws/install/moveit_task_constructor_demo:/home/nithish/tesseract_ws/install/moveit_task_constructor_capabilities:/home/nithish/tesseract_ws/install/moveit_task_constructor_core:/home/nithish/tesseract_ws/install/rviz_marker_tools:/home/nithish/tesseract_ws/install/moveit_task_constructor_msgs:/home/nithish/tesseract_ws/install/ign_ros2_control:/home/nithish/ws_moveit2/install/pilz_industrial_motion_planner_testutils:/home/nithish/ws_moveit2/install/moveit_runtime:/home/nithish/ws_moveit2/install/moveit:/home/nithish/ws_moveit2/install/moveit_planners:/home/nithish/ws_moveit2/install/pilz_industrial_motion_planner:/home/nithish/ws_moveit2/install/moveit_ros_control_interface:/home/nithish/ws_moveit2/install/moveit_plugins:/home/nithish/ws_moveit2/install/moveit_simple_controller_manager:/home/nithish/ws_moveit2/install/moveit_setup_assistant:/home/nithish/ws_moveit2/install/moveit_setup_srdf_plugins:/home/nithish/ws_moveit2/install/moveit_setup_core_plugins:/home/nithish/ws_moveit2/install/moveit_setup_controllers:/home/nithish/ws_moveit2/install/moveit_setup_app_plugins:/home/nithish/ws_moveit2/install/moveit_setup_framework:/home/nithish/ws_moveit2/install/moveit_servo:/home/nithish/ws_moveit2/install/moveit_ros:/home/nithish/ws_moveit2/install/moveit_ros_visualization:/home/nithish/ws_moveit2/install/moveit_hybrid_planning:/home/nithish/ws_moveit2/install/moveit_ros_planning_interface:/home/nithish/ws_moveit2/install/moveit_ros_benchmarks:/home/nithish/ws_moveit2/install/moveit_ros_warehouse:/home/nithish/ws_moveit2/install/moveit_ros_robot_interaction:/home/nithish/ws_moveit2/install/moveit_ros_perception:/home/nithish/ws_moveit2/install/moveit_resources_prbt_pg70_support:/home/nithish/ws_moveit2/install/moveit_resources_prbt_moveit_config:/home/nithish/ws_moveit2/install/moveit_ros_move_group:/home/nithish/ws_moveit2/install/moveit_planners_ompl:/home/nithish/ws_moveit2/install/moveit_ros_planning:/home/nithish/ws_moveit2/install/moveit_ros_occupancy_map_monitor:/home/nithish/ws_moveit2/install/moveit_resources_prbt_support:/home/nithish/ws_moveit2/install/moveit_resources_prbt_ikfast_manipulator_plugin:/home/nithish/ws_moveit2/install/moveit_planners_chomp:/home/nithish/ws_moveit2/install/moveit_kinematics:/home/nithish/ws_moveit2/install/moveit_chomp_optimizer_adapter:/home/nithish/ws_moveit2/install/chomp_motion_planner:/home/nithish/ws_moveit2/install/moveit_core:/home/nithish/ws_moveit2/install/moveit_common:/home/nithish/rviz2_ws/install:/home/nithish/robotic_arm_ws/install/ur_simulation_gz:/home/nithish/robotic_arm_ws/install/ur:/home/nithish/robotic_arm_ws/install/ur_calibration:/home/nithish/robotic_arm_ws/install/ur_robot_driver:/home/nithish/robotic_arm_ws/install/ur_moveit_config:/home/nithish/robotic_arm_ws/install/ur_bringup:/home/nithish/robotic_arm_ws/install/ur_description:/home/nithish/robotic_arm_ws/install/ur_controllers:/home/nithish/robotic_arm_ws/install/ur_dashboard_msgs:/home/nithish/ur10e_ws/install/servo_control:/home/nithish/ws_moveit2/install/moveit_configs_utils:/home/nithish/robotic_arm_ws/install/path_planner:/opt/ros/humble /usr/bin/cmake --build /home/nithish/ur10e_ws/build/ros2_nr_motion_control -- -j12 -l12
