[ 12%] Built target gtest_main
[ 25%] Built target gtest
[ 37%] Built target joint_space_trajectory_node
[ 50%] Built target joint_angle_publisher
[ 56%] [32mBuilding CXX object CMakeFiles/cartesian_space_trajectory_node.dir/src/cartesian_space_trajectory_node.cpp.o[0m
[ 68%] Built target helix_trajectory_publisher
[ 81%] Built target joint_sine_publisher
[ 93%] Built target test_robot_arm_motion_planner
[01m[K/home/nithish/ur10e_ws/src/ros2_nr_motion_control/src/cartesian_space_trajectory_node.cpp:15:10:[m[K [01;31m[Kfatal error: [m[Kvisualizationmsgs::msg/marker_array.hpp: No such file or directory
   15 | #include [01;31m[K<visualizationmsgs::msg/marker_array.hpp>[m[K
      |          [01;31m[K^~~~~~~~~~~~~~~~~~~~~~~~~~~~~~~~~~~~~~~~~[m[K
compilation terminated.
gmake[2]: *** [CMakeFiles/cartesian_space_trajectory_node.dir/build.make:76: CMakeFiles/cartesian_space_trajectory_node.dir/src/cartesian_space_trajectory_node.cpp.o] Error 1
gmake[1]: *** [CMakeFiles/Makefile2:243: CMakeFiles/cartesian_space_trajectory_node.dir/all] Error 2
gmake: *** [Makefile:146: all] Error 2
