[35m[1mConsolidate compiler generated dependencies of target cartesian_space_trajectory_node[0m
[ 12%] Built target gtest_main
[ 25%] Built target gtest
[ 37%] Built target joint_sine_publisher
[ 50%] Built target helix_trajectory_publisher
[ 62%] Built target joint_space_trajectory_node
[ 75%] Built target joint_angle_publisher
[ 81%] [32mBuilding CXX object CMakeFiles/cartesian_space_trajectory_node.dir/src/cartesian_space_trajectory_node.cpp.o[0m
[ 93%] Built target test_robot_arm_motion_planner
[01m[K/home/nithish/ur10e_ws/src/ros2_nr_motion_control/src/cartesian_space_trajectory_node.cpp:20:10:[m[K [01;31m[Kfatal error: [m[Kfilter.hpp: No such file or directory
   20 | #include [01;31m[K<filter.hpp>[m[K
      |          [01;31m[K^~~~~~~~~~~~[m[K
compilation terminated.
gmake[2]: *** [CMakeFiles/cartesian_space_trajectory_node.dir/build.make:76: CMakeFiles/cartesian_space_trajectory_node.dir/src/cartesian_space_trajectory_node.cpp.o] Error 1
gmake[1]: *** [CMakeFiles/Makefile2:243: CMakeFiles/cartesian_space_trajectory_node.dir/all] Error 2
gmake: *** [Makefile:146: all] Error 2
