[ 12%] Built target gtest_main
[ 25%] Built target gtest
[ 37%] Built target joint_angle_publisher
[ 50%] Built target joint_space_trajectory_node
[ 56%] [32mBuilding CXX object CMakeFiles/helix_trajectory_publisher.dir/src/helix_trajectory_publisher.cpp.o[0m
[ 68%] Built target joint_sine_publisher
[ 75%] [32mBuilding CXX object CMakeFiles/cartesian_space_trajectory_node.dir/src/cartesian_space_trajectory_node.cpp.o[0m
[ 87%] Built target test_robot_arm_motion_planner
[01m[K/home/nithish/ur10e_ws/src/ros2_nr_motion_control/src/helix_trajectory_publisher.cpp:[m[K In constructor â€˜[01m[KHelixTrajectoryPublisher::HelixTrajectoryPublisher(const rclcpp::NodeOptions&)[m[Kâ€™:
[01m[K/home/nithish/ur10e_ws/src/ros2_nr_motion_control/src/helix_trajectory_publisher.cpp:28:24:[m[K [01;31m[Kerror: [m[Kâ€˜[01m[KCircleTrajectoryPublisher[m[Kâ€™ has not been declared
   28 |             std::bind(&[01;31m[KCircleTrajectoryPublisher[m[K::jointStateCallback, this, std::placeholders::_1));
      |                        [01;31m[K^~~~~~~~~~~~~~~~~~~~~~~~~[m[K
gmake[2]: *** [CMakeFiles/helix_trajectory_publisher.dir/build.make:76: CMakeFiles/helix_trajectory_publisher.dir/src/helix_trajectory_publisher.cpp.o] Error 1
gmake[1]: *** [CMakeFiles/Makefile2:269: CMakeFiles/helix_trajectory_publisher.dir/all] Error 2
gmake[1]: *** Waiting for unfinished jobs....
[ 93%] [32m[1mLinking CXX executable cartesian_space_trajectory_node[0m
[ 93%] Built target cartesian_space_trajectory_node
gmake: *** [Makefile:146: all] Error 2
