[35m[1mConsolidate compiler generated dependencies of target helix_trajectory_publisher[0m
[ 12%] Built target joint_sine_publisher
[ 25%] Built target joint_angle_publisher
[ 37%] Built target gtest
[ 50%] Built target gtest_main
[ 62%] Built target cartesian_space_trajectory_node
[ 75%] Built target joint_space_trajectory_node
[ 81%] [32mBuilding CXX object CMakeFiles/helix_trajectory_publisher.dir/src/helix_trajectory_publisher.cpp.o[0m
[ 93%] Built target test_robot_arm_motion_planner
[01m[K/home/nithish/ur10e_ws/src/ros2_nr_motion_control/src/helix_trajectory_publisher.cpp:[m[K In member function â€˜[01m[Kvoid CylinderCleaningPublisher::publishCleaningTarget()[m[Kâ€™:
[01m[K/home/nithish/ur10e_ws/src/ros2_nr_motion_control/src/helix_trajectory_publisher.cpp:129:45:[m[K [01;31m[Kerror: [m[Kâ€˜[01m[KSlerp[m[Kâ€™ is not a member of â€˜[01m[KKDL::Rotation[m[Kâ€™
  129 |             target_frame.M = KDL::Rotation::[01;31m[KSlerp[m[K(robot_start_pose_.M, circle_start_frame.M, ratio);
      |                                             [01;31m[K^~~~~[m[K
[01m[K/home/nithish/ur10e_ws/src/ros2_nr_motion_control/src/helix_trajectory_publisher.cpp:159:61:[m[K [01;31m[Kerror: [m[Kno match for â€˜[01m[Koperator[][m[Kâ€™ (operand types are â€˜[01m[KKDL::JntArray[m[Kâ€™ and â€˜[01m[Kunsigned int[m[Kâ€™)
  159 |                 point_msg.positions[i] = result_joint_angles[01;31m[K[[m[Ki];
      |                                                             [01;31m[K^[m[K
gmake[2]: *** [CMakeFiles/helix_trajectory_publisher.dir/build.make:76: CMakeFiles/helix_trajectory_publisher.dir/src/helix_trajectory_publisher.cpp.o] Error 1
gmake[1]: *** [CMakeFiles/Makefile2:269: CMakeFiles/helix_trajectory_publisher.dir/all] Error 2
gmake: *** [Makefile:146: all] Error 2
