[0.030s] Invoking command in '/home/nithish/ur10e_ws/build/ros2_nr_motion_control': CMAKE_PREFIX_PATH=/home/nithish/ur10e_ws/install/ur_simulation_gazebo:/home/nithish/ur10e_ws/install/ur_description:/home/nithish/ur10e_ws/install/ros2_nr_motion_control:/home/nithish/ur10e_ws/install/ur:/home/nithish/ur10e_ws/install/ur_calibration:/home/nithish/ur10e_ws/install/ur_robot_driver:/home/nithish/ur10e_ws/install/ur_moveit_config:/home/nithish/ur10e_ws/install/ur_bringup:/home/nithish/ur10e_ws/install/my_moveit_config:/home/nithish/ur10e_ws/install/ur_controllers:/home/nithish/ur10e_ws/install/ur_dashboard_msgs:/home/nithish/ws_moveit2/install/pilz_industrial_motion_planner_testutils:/home/nithish/ws_moveit2/install/moveit_runtime:/home/nithish/ws_moveit2/install/moveit:/home/nithish/ws_moveit2/install/moveit_planners:/home/nithish/ws_moveit2/install/pilz_industrial_motion_planner:/home/nithish/ws_moveit2/install/moveit_ros_control_interface:/home/nithish/ws_moveit2/install/moveit_plugins:/home/nithish/ws_moveit2/install/moveit_simple_controller_manager:/home/nithish/ws_moveit2/install/moveit_setup_assistant:/home/nithish/ws_moveit2/install/moveit_setup_srdf_plugins:/home/nithish/ws_moveit2/install/moveit_setup_core_plugins:/home/nithish/ws_moveit2/install/moveit_setup_controllers:/home/nithish/ws_moveit2/install/moveit_setup_app_plugins:/home/nithish/ws_moveit2/install/moveit_setup_framework:/home/nithish/ws_moveit2/install/moveit_servo:/home/nithish/ws_moveit2/install/moveit_ros:/home/nithish/ws_moveit2/install/moveit_ros_visualization:/home/nithish/ws_moveit2/install/moveit_hybrid_planning:/home/nithish/ws_moveit2/install/moveit_ros_planning_interface:/home/nithish/ws_moveit2/install/moveit_ros_benchmarks:/home/nithish/ws_moveit2/install/moveit_ros_warehouse:/home/nithish/ws_moveit2/install/moveit_ros_robot_interaction:/home/nithish/ws_moveit2/install/moveit_ros_perception:/home/nithish/ws_moveit2/install/moveit_resources_prbt_pg70_support:/home/nithish/ws_moveit2/install/moveit_resources_prbt_moveit_config:/home/nithish/ws_moveit2/install/moveit_ros_move_group:/home/nithish/ws_moveit2/install/moveit_planners_ompl:/home/nithish/ws_moveit2/install/moveit_ros_planning:/home/nithish/ws_moveit2/install/moveit_ros_occupancy_map_monitor:/home/nithish/ws_moveit2/install/moveit_resources_prbt_support:/home/nithish/ws_moveit2/install/moveit_resources_prbt_ikfast_manipulator_plugin:/home/nithish/ws_moveit2/install/moveit_planners_chomp:/home/nithish/ws_moveit2/install/moveit_kinematics:/home/nithish/ws_moveit2/install/moveit_chomp_optimizer_adapter:/home/nithish/ws_moveit2/install/chomp_motion_planner:/home/nithish/ws_moveit2/install/moveit_core:/home/nithish/ws_moveit2/install/moveit_common:/home/nithish/rviz2_ws/install:/home/nithish/robotic_arm_ws/install/ur_simulation_gz:/home/nithish/robotic_arm_ws/install/ur:/home/nithish/robotic_arm_ws/install/ur_calibration:/home/nithish/robotic_arm_ws/install/ur_robot_driver:/home/nithish/robotic_arm_ws/install/ur_moveit_config:/home/nithish/robotic_arm_ws/install/ur_bringup:/home/nithish/robotic_arm_ws/install/ur_description:/home/nithish/robotic_arm_ws/install/ur_controllers:/home/nithish/robotic_arm_ws/install/ur_dashboard_msgs:/home/nithish/ur10e_ws/install/wrench_bridge:/home/nithish/ws_moveit2/install/moveit_configs_utils:/home/nithish/robotic_arm_ws/install/path_planner:/opt/ros/humble /usr/bin/cmake --build /home/nithish/ur10e_ws/build/ros2_nr_motion_control -- -j12 -l12
[0.182s] [ 12%] Built target joint_space_trajectory_node
[0.187s] [ 25%] Built target gtest_main
[0.194s] [ 31%] [32mBuilding CXX object CMakeFiles/joint_sine_publisher.dir/src/joint_sine_publisher.cpp.o[0m
[0.195s] [ 43%] Built target gtest
[0.201s] [ 56%] Built target joint_angle_publisher
[0.203s] [ 62%] [32mBuilding CXX object CMakeFiles/helix_trajectory_publisher.dir/src/helix_trajectory_publisher.cpp.o[0m
[0.206s] [ 68%] [32mBuilding CXX object CMakeFiles/cartesian_space_trajectory_node.dir/src/cartesian_space_trajectory_node.cpp.o[0m
[0.275s] [ 81%] Built target test_robot_arm_motion_planner
[5.833s] [01m[K/home/nithish/ur10e_ws/src/ros2_nr_motion_control/src/helix_trajectory_publisher.cpp:108:41:[m[K [01;31m[Kerror: [m[Kâ€˜[01m[KString[m[Kâ€™ is not a member of â€˜[01m[Kstd_msgs::msg[m[Kâ€™
[5.833s]   108 |     rclcpp::Subscription<std_msgs::msg::[01;31m[KString[m[K>::SharedPtr urdf_sub_;
[5.833s]       |                                         [01;31m[K^~~~~~[m[K
[5.833s] [01m[K/home/nithish/ur10e_ws/src/ros2_nr_motion_control/src/helix_trajectory_publisher.cpp:108:47:[m[K [01;31m[Kerror: [m[Ktemplate argument 1 is invalid
[5.834s]   108 |     rclcpp::Subscription<std_msgs::msg::String[01;31m[K>[m[K::SharedPtr urdf_sub_;
[5.834s]       |                                               [01;31m[K^[m[K
[5.834s] [01m[K/home/nithish/ur10e_ws/src/ros2_nr_motion_control/src/helix_trajectory_publisher.cpp:108:47:[m[K [01;31m[Kerror: [m[Ktemplate argument 3 is invalid
[5.834s] [01m[K/home/nithish/ur10e_ws/src/ros2_nr_motion_control/src/helix_trajectory_publisher.cpp:108:47:[m[K [01;31m[Kerror: [m[Ktemplate argument 4 is invalid
[5.834s] [01m[K/home/nithish/ur10e_ws/src/ros2_nr_motion_control/src/helix_trajectory_publisher.cpp:108:47:[m[K [01;31m[Kerror: [m[Ktemplate argument 5 is invalid
[5.834s] [01m[K/home/nithish/ur10e_ws/src/ros2_nr_motion_control/src/helix_trajectory_publisher.cpp:108:50:[m[K [01;31m[Kerror: [m[Kexpected â€˜[01m[K;[m[Kâ€™ at end of member declaration
[5.835s]   108 |     rclcpp::Subscription<std_msgs::msg::String>::[01;31m[KSharedPtr[m[K urdf_sub_;
[5.835s]       |                                                  [01;31m[K^~~~~~~~~[m[K
[5.835s]       |                                                           [32m[K;[m[K
[5.839s] [01m[K/home/nithish/ur10e_ws/src/ros2_nr_motion_control/src/helix_trajectory_publisher.cpp:108:60:[m[K [01;31m[Kerror: [m[Kâ€˜[01m[Kurdf_sub_[m[Kâ€™ does not name a type
[5.839s]   108 |     rclcpp::Subscription<std_msgs::msg::String>::SharedPtr [01;31m[Kurdf_sub_[m[K;
[5.839s]       |                                                            [01;31m[K^~~~~~~~~[m[K
[5.902s] [01m[K/home/nithish/ur10e_ws/src/ros2_nr_motion_control/src/helix_trajectory_publisher.cpp:140:44:[m[K [01;31m[Kerror: [m[Kâ€˜[01m[KString[m[Kâ€™ in namespace â€˜[01m[Kstd_msgs::msg[m[Kâ€™ does not name a type
[5.902s]   140 |     void urdfCallback(const std_msgs::msg::[01;31m[KString[m[K::SharedPtr msg) {
[5.903s]       |                                            [01;31m[K^~~~~~[m[K
[5.903s] [01m[K/home/nithish/ur10e_ws/src/ros2_nr_motion_control/src/helix_trajectory_publisher.cpp:140:62:[m[K [01;31m[Kerror: [m[Kexpected unqualified-id before â€˜[01m[Kmsg[m[Kâ€™
[5.903s]   140 |     void urdfCallback(const std_msgs::msg::String::SharedPtr [01;31m[Kmsg[m[K) {
[5.903s]       |                                                              [01;31m[K^~~[m[K
[5.903s] [01m[K/home/nithish/ur10e_ws/src/ros2_nr_motion_control/src/helix_trajectory_publisher.cpp:140:61:[m[K [01;31m[Kerror: [m[Kexpected â€˜[01m[K)[m[Kâ€™ before â€˜[01m[Kmsg[m[Kâ€™
[5.903s]   140 |     void urdfCallback[34m[K([m[Kconst std_msgs::msg::String::SharedPtr[01;31m[K [m[K[32m[Kmsg[m[K) {
[5.904s]       |                      [34m[K~[m[K                                      [01;31m[K^[m[K[32m[K~~~[m[K
[5.904s]       |                                                             [32m[K)[m[K
[5.904s] [01m[K/home/nithish/ur10e_ws/src/ros2_nr_motion_control/src/helix_trajectory_publisher.cpp:140:52:[m[K [01;31m[Kerror: [m[Kexpected â€˜[01m[K;[m[Kâ€™ at end of member declaration
[5.904s]   140 |     void urdfCallback(const std_msgs::msg::String::[01;31m[KSharedPtr[m[K msg) {
[5.904s]       |                                                    [01;31m[K^~~~~~~~~[m[K
[5.904s]       |                                                             [32m[K;[m[K
[5.907s] [01m[K/home/nithish/ur10e_ws/src/ros2_nr_motion_control/src/helix_trajectory_publisher.cpp:140:62:[m[K [01;31m[Kerror: [m[Kâ€˜[01m[Kmsg[m[Kâ€™ does not name a type
[5.907s]   140 |     void urdfCallback(const std_msgs::msg::String::SharedPtr [01;31m[Kmsg[m[K) {
[5.907s]       |                                                              [01;31m[K^~~[m[K
[5.955s] [01m[K/home/nithish/ur10e_ws/src/ros2_nr_motion_control/src/helix_trajectory_publisher.cpp:[m[K In constructor â€˜[01m[KForceControlledWallFollow::ForceControlledWallFollow()[m[Kâ€™:
[5.955s] [01m[K/home/nithish/ur10e_ws/src/ros2_nr_motion_control/src/helix_trajectory_publisher.cpp:85:9:[m[K [01;31m[Kerror: [m[Kâ€˜[01m[Kurdf_sub_[m[Kâ€™ was not declared in this scope
[5.956s]    85 |         [01;31m[Kurdf_sub_[m[K = this->create_subscription<std_msgs::msg::String>(
[5.956s]       |         [01;31m[K^~~~~~~~~[m[K
[5.957s] [01m[K/home/nithish/ur10e_ws/src/ros2_nr_motion_control/src/helix_trajectory_publisher.cpp:85:62:[m[K [01;31m[Kerror: [m[Kâ€˜[01m[KString[m[Kâ€™ is not a member of â€˜[01m[Kstd_msgs::msg[m[Kâ€™
[5.957s]    85 |         urdf_sub_ = this->create_subscription<std_msgs::msg::[01;31m[KString[m[K>(
[5.958s]       |                                                              [01;31m[K^~~~~~[m[K
[5.962s] [01m[K/home/nithish/ur10e_ws/src/ros2_nr_motion_control/src/helix_trajectory_publisher.cpp:85:69:[m[K [01;31m[Kerror: [m[Kno matching function for call to â€˜[01m[KForceControlledWallFollow::create_subscription<<expression error> >(const char [18], rclcpp::QoS&, std::_Bind_helper<false, void (ForceControlledWallFollow::*)(...), ForceControlledWallFollow*, const std::_Placeholder<1>&>::type)[m[Kâ€™
[5.962s]    85 |         urdf_sub_ = [01;31m[Kthis->create_subscription<std_msgs::msg::String>([m[K
[5.962s]       |                     [01;31m[K~~~~~~~~~~~~~~~~~~~~~~~~~~~~~~~~~~~~~~~~~~~~~~~~^[m[K
[5.962s]    86 | [01;31m[K            "robot_description",[m[K
[5.962s]       |             [01;31m[K~~~~~~~~~~~~~~~~~~~~[m[K                                     
[5.963s]    87 | [01;31m[K            rclcpp::QoS(rclcpp::KeepLast(1))[m[K
[5.963s]       |             [01;31m[K~~~~~~~~~~~~~~~~~~~~~~~~~~~~~~~~[m[K                         
[5.963s]    88 | [01;31m[K                .durability(RMW_QOS_POLICY_DURABILITY_TRANSIENT_LOCAL),[m[K
[5.963s]       |                 [01;31m[K~~~~~~~~~~~~~~~~~~~~~~~~~~~~~~~~~~~~~~~~~~~~~~~~~~~~~~~[m[K
[5.963s]    89 | [01;31m[K            std::bind(&ForceControlledWallFollow::urdfCallback, this, _1))[m[K;
[5.963s]       |             [01;31m[K~~~~~~~~~~~~~~~~~~~~~~~~~~~~~~~~~~~~~~~~~~~~~~~~~~~~~~~~~~~~~~[m[K
[5.963s] In file included from [01m[K/opt/ros/humble/include/rclcpp/rclcpp/node.hpp:1321[m[K,
[5.963s]                  from [01m[K/opt/ros/humble/include/rclcpp/rclcpp/executors/single_threaded_executor.hpp:28[m[K,
[5.963s]                  from [01m[K/opt/ros/humble/include/rclcpp/rclcpp/executors.hpp:22[m[K,
[5.963s]                  from [01m[K/opt/ros/humble/include/rclcpp/rclcpp/rclcpp.hpp:155[m[K,
[5.963s]                  from [01m[K/home/nithish/ur10e_ws/src/ros2_nr_motion_control/src/helix_trajectory_publisher.cpp:1[m[K:
[5.963s] [01m[K/opt/ros/humble/include/rclcpp/rclcpp/node_impl.hpp:92:1:[m[K [01;36m[Knote: [m[Kcandidate: â€˜[01m[Ktemplate<class MessageT, class CallbackT, class AllocatorT, class SubscriptionT, class MessageMemoryStrategyT> std::shared_ptr<ROSMessageT> rclcpp::Node::create_subscription(const string&, const rclcpp::QoS&, CallbackT&&, const rclcpp::SubscriptionOptionsWithAllocator<AllocatorT>&, typename MessageMemoryStrategyT::SharedPtr)[m[Kâ€™
[5.963s]    92 | [01;36m[KNode[m[K::create_subscription(
[5.963s]       | [01;36m[K^~~~[m[K
[5.964s] [01m[K/opt/ros/humble/include/rclcpp/rclcpp/node_impl.hpp:92:1:[m[K [01;36m[Knote: [m[K  template argument deduction/substitution failed:
[5.964s] [01m[K/home/nithish/ur10e_ws/src/ros2_nr_motion_control/src/helix_trajectory_publisher.cpp:85:69:[m[K [01;31m[Kerror: [m[Ktemplate argument 1 is invalid
[5.964s]    85 |         urdf_sub_ = [01;31m[Kthis->create_subscription<std_msgs::msg::String>([m[K
[5.964s]       |                     [01;31m[K~~~~~~~~~~~~~~~~~~~~~~~~~~~~~~~~~~~~~~~~~~~~~~~~^[m[K
[5.964s]    86 | [01;31m[K            "robot_description",[m[K
[5.964s]       |             [01;31m[K~~~~~~~~~~~~~~~~~~~~[m[K                                     
[5.964s]    87 | [01;31m[K            rclcpp::QoS(rclcpp::KeepLast(1))[m[K
[5.964s]       |             [01;31m[K~~~~~~~~~~~~~~~~~~~~~~~~~~~~~~~~[m[K                         
[5.964s]    88 | [01;31m[K                .durability(RMW_QOS_POLICY_DURABILITY_TRANSIENT_LOCAL),[m[K
[5.964s]       |                 [01;31m[K~~~~~~~~~~~~~~~~~~~~~~~~~~~~~~~~~~~~~~~~~~~~~~~~~~~~~~~[m[K
[5.964s]    89 | [01;31m[K            std::bind(&ForceControlledWallFollow::urdfCallback, this, _1))[m[K;
[5.964s]       |             [01;31m[K~~~~~~~~~~~~~~~~~~~~~~~~~~~~~~~~~~~~~~~~~~~~~~~~~~~~~~~~~~~~~~[m[K
[5.998s] [01m[K/home/nithish/ur10e_ws/src/ros2_nr_motion_control/src/helix_trajectory_publisher.cpp:[m[K In member function â€˜[01m[Kvoid ForceControlledWallFollow::controlLoop()[m[Kâ€™:
[5.998s] [01m[K/home/nithish/ur10e_ws/src/ros2_nr_motion_control/src/helix_trajectory_publisher.cpp:216:24:[m[K [01;35m[Kwarning: [m[Kunused variable â€˜[01m[Kforce_error[m[Kâ€™ [[01;35m[K]8;;https://gcc.gnu.org/onlinedocs/gcc/Warning-Options.html#index-Wunused-variable-Wunused-variable]8;;[m[K]
[5.998s]   216 |                 double [01;35m[Kforce_error[m[K = desired_force_ - current_force;
[5.999s]       |                        [01;35m[K^~~~~~~~~~~[m[K
[11.776s] gmake[2]: *** [CMakeFiles/helix_trajectory_publisher.dir/build.make:76: CMakeFiles/helix_trajectory_publisher.dir/src/helix_trajectory_publisher.cpp.o] Error 1
[11.777s] gmake[1]: *** [CMakeFiles/Makefile2:269: CMakeFiles/helix_trajectory_publisher.dir/all] Error 2
[11.777s] gmake[1]: *** Waiting for unfinished jobs....
[17.178s] [ 87%] [32m[1mLinking CXX executable joint_sine_publisher[0m
[17.862s] [ 87%] Built target joint_sine_publisher
[17.943s] [ 93%] [32m[1mLinking CXX executable cartesian_space_trajectory_node[0m
[18.523s] [ 93%] Built target cartesian_space_trajectory_node
[18.524s] gmake: *** [Makefile:146: all] Error 2
[18.528s] Invoked command in '/home/nithish/ur10e_ws/build/ros2_nr_motion_control' returned '2': CMAKE_PREFIX_PATH=/home/nithish/ur10e_ws/install/ur_simulation_gazebo:/home/nithish/ur10e_ws/install/ur_description:/home/nithish/ur10e_ws/install/ros2_nr_motion_control:/home/nithish/ur10e_ws/install/ur:/home/nithish/ur10e_ws/install/ur_calibration:/home/nithish/ur10e_ws/install/ur_robot_driver:/home/nithish/ur10e_ws/install/ur_moveit_config:/home/nithish/ur10e_ws/install/ur_bringup:/home/nithish/ur10e_ws/install/my_moveit_config:/home/nithish/ur10e_ws/install/ur_controllers:/home/nithish/ur10e_ws/install/ur_dashboard_msgs:/home/nithish/ws_moveit2/install/pilz_industrial_motion_planner_testutils:/home/nithish/ws_moveit2/install/moveit_runtime:/home/nithish/ws_moveit2/install/moveit:/home/nithish/ws_moveit2/install/moveit_planners:/home/nithish/ws_moveit2/install/pilz_industrial_motion_planner:/home/nithish/ws_moveit2/install/moveit_ros_control_interface:/home/nithish/ws_moveit2/install/moveit_plugins:/home/nithish/ws_moveit2/install/moveit_simple_controller_manager:/home/nithish/ws_moveit2/install/moveit_setup_assistant:/home/nithish/ws_moveit2/install/moveit_setup_srdf_plugins:/home/nithish/ws_moveit2/install/moveit_setup_core_plugins:/home/nithish/ws_moveit2/install/moveit_setup_controllers:/home/nithish/ws_moveit2/install/moveit_setup_app_plugins:/home/nithish/ws_moveit2/install/moveit_setup_framework:/home/nithish/ws_moveit2/install/moveit_servo:/home/nithish/ws_moveit2/install/moveit_ros:/home/nithish/ws_moveit2/install/moveit_ros_visualization:/home/nithish/ws_moveit2/install/moveit_hybrid_planning:/home/nithish/ws_moveit2/install/moveit_ros_planning_interface:/home/nithish/ws_moveit2/install/moveit_ros_benchmarks:/home/nithish/ws_moveit2/install/moveit_ros_warehouse:/home/nithish/ws_moveit2/install/moveit_ros_robot_interaction:/home/nithish/ws_moveit2/install/moveit_ros_perception:/home/nithish/ws_moveit2/install/moveit_resources_prbt_pg70_support:/home/nithish/ws_moveit2/install/moveit_resources_prbt_moveit_config:/home/nithish/ws_moveit2/install/moveit_ros_move_group:/home/nithish/ws_moveit2/install/moveit_planners_ompl:/home/nithish/ws_moveit2/install/moveit_ros_planning:/home/nithish/ws_moveit2/install/moveit_ros_occupancy_map_monitor:/home/nithish/ws_moveit2/install/moveit_resources_prbt_support:/home/nithish/ws_moveit2/install/moveit_resources_prbt_ikfast_manipulator_plugin:/home/nithish/ws_moveit2/install/moveit_planners_chomp:/home/nithish/ws_moveit2/install/moveit_kinematics:/home/nithish/ws_moveit2/install/moveit_chomp_optimizer_adapter:/home/nithish/ws_moveit2/install/chomp_motion_planner:/home/nithish/ws_moveit2/install/moveit_core:/home/nithish/ws_moveit2/install/moveit_common:/home/nithish/rviz2_ws/install:/home/nithish/robotic_arm_ws/install/ur_simulation_gz:/home/nithish/robotic_arm_ws/install/ur:/home/nithish/robotic_arm_ws/install/ur_calibration:/home/nithish/robotic_arm_ws/install/ur_robot_driver:/home/nithish/robotic_arm_ws/install/ur_moveit_config:/home/nithish/robotic_arm_ws/install/ur_bringup:/home/nithish/robotic_arm_ws/install/ur_description:/home/nithish/robotic_arm_ws/install/ur_controllers:/home/nithish/robotic_arm_ws/install/ur_dashboard_msgs:/home/nithish/ur10e_ws/install/wrench_bridge:/home/nithish/ws_moveit2/install/moveit_configs_utils:/home/nithish/robotic_arm_ws/install/path_planner:/opt/ros/humble /usr/bin/cmake --build /home/nithish/ur10e_ws/build/ros2_nr_motion_control -- -j12 -l12
