[35m[1mConsolidate compiler generated dependencies of target helix_trajectory_publisher[0m
[ 12%] Built target gtest_main
[ 25%] Built target gtest
[ 37%] Built target joint_angle_publisher
[ 50%] Built target cartesian_space_trajectory_node
[ 62%] Built target joint_sine_publisher
[ 75%] Built target joint_space_trajectory_node
[ 81%] [32mBuilding CXX object CMakeFiles/helix_trajectory_publisher.dir/src/helix_trajectory_publisher.cpp.o[0m
[ 93%] Built target test_robot_arm_motion_planner
[01m[K/home/nithish/ur10e_ws/src/ros2_nr_motion_control/src/helix_trajectory_publisher.cpp:13:10:[m[K [01;31m[Kfatal error: [m[Krobot_arm_motion_planner/robot_arm_motion_planner.hpp: No such file or directory
   13 | #include [01;31m[K"robot_arm_motion_planner/robot_arm_motion_planner.hpp"[m[K
      |          [01;31m[K^~~~~~~~~~~~~~~~~~~~~~~~~~~~~~~~~~~~~~~~~~~~~~~~~~~~~~~[m[K
compilation terminated.
gmake[2]: *** [CMakeFiles/helix_trajectory_publisher.dir/build.make:76: CMakeFiles/helix_trajectory_publisher.dir/src/helix_trajectory_publisher.cpp.o] Error 1
gmake[1]: *** [CMakeFiles/Makefile2:269: CMakeFiles/helix_trajectory_publisher.dir/all] Error 2
gmake: *** [Makefile:146: all] Error 2
