-- Found ament_cmake: 1.3.12 (/opt/ros/humble/share/ament_cmake/cmake)
-- Found rclcpp: 16.0.15 (/opt/ros/humble/share/rclcpp/cmake)
-- Found rosidl_generator_c: 3.1.7 (/opt/ros/humble/share/rosidl_generator_c/cmake)
-- Found rosidl_adapter: 3.1.7 (/opt/ros/humble/share/rosidl_adapter/cmake)
-- Found rosidl_generator_cpp: 3.1.7 (/opt/ros/humble/share/rosidl_generator_cpp/cmake)
-- Using all available rosidl_typesupport_c: rosidl_typesupport_fastrtps_c;rosidl_typesupport_introspection_c
-- Using all available rosidl_typesupport_cpp: rosidl_typesupport_fastrtps_cpp;rosidl_typesupport_introspection_cpp
-- Found rmw_implementation_cmake: 6.1.2 (/opt/ros/humble/share/rmw_implementation_cmake/cmake)
-- Found rmw_cyclonedds_cpp: 1.3.4 (/opt/ros/humble/share/rmw_cyclonedds_cpp/cmake)
-- Using RMW implementation 'rmw_cyclonedds_cpp' as default
-- Found sensor_msgs: 4.9.0 (/opt/ros/humble/share/sensor_msgs/cmake)
-- Found trajectory_msgs: 4.9.0 (/opt/ros/humble/share/trajectory_msgs/cmake)
-- Found urdf: 2.6.1 (/opt/ros/humble/share/urdf/cmake)
-- Found action_msgs: 1.2.2 (/opt/ros/humble/share/action_msgs/cmake)
-- Found control_msgs: 4.8.0 (/opt/ros/humble/share/control_msgs/cmake)
-- Found rclcpp_action: 16.0.15 (/opt/ros/humble/share/rclcpp_action/cmake)
-- Found orocos_kdl_vendor: 0.2.5 (/opt/ros/humble/share/orocos_kdl_vendor/cmake)
-- Found eigen3_cmake_module: 0.1.1 (/opt/ros/humble/share/eigen3_cmake_module/cmake)
-- Ensuring Eigen3 include directory is part of orocos-kdl CMake target
-- Found kdl_parser: 2.6.4 (/opt/ros/humble/share/kdl_parser/cmake)
-- Found visualization_msgs: 4.9.0 (/opt/ros/humble/share/visualization_msgs/cmake)
-- Found tf2: 0.25.16 (/opt/ros/humble/share/tf2/cmake)
-- Found tf2_geometry_msgs: 0.25.16 (/opt/ros/humble/share/tf2_geometry_msgs/cmake)
-- Found ament_cmake_gtest: 1.3.12 (/opt/ros/humble/share/ament_cmake_gtest/cmake)
-- Found gtest sources under '/opt/ros/humble/src/gtest_vendor': C++ tests using 'Google Test' will be built
-- Found ament_lint_auto: 0.12.14 (/opt/ros/humble/share/ament_lint_auto/cmake)
-- Configuring done
-- Generating done
-- Build files have been written to: /home/nithish/ur10e_ws/build/ros2_nr_motion_control
[35m[1mConsolidate compiler generated dependencies of target helix_trajectory_publisher[0m
[35m[1mConsolidate compiler generated dependencies of target joint_space_trajectory_node[0m
[35m[1mConsolidate compiler generated dependencies of target joint_sine_publisher[0m
[35m[1mConsolidate compiler generated dependencies of target cartesian_space_trajectory_node[0m
[35m[1mConsolidate compiler generated dependencies of target joint_angle_publisher[0m
[35m[1mConsolidate compiler generated dependencies of target gtest_main[0m
[35m[1mConsolidate compiler generated dependencies of target gtest[0m
[ 12%] Built target gtest_main
[ 25%] Built target helix_trajectory_publisher
[ 37%] Built target gtest
[ 50%] Built target joint_sine_publisher
[ 62%] Built target joint_angle_publisher
[ 75%] Built target joint_space_trajectory_node
[ 81%] [32mBuilding CXX object CMakeFiles/cartesian_space_trajectory_node.dir/src/cartesian_space_trajectory_node.cpp.o[0m
[35m[1mConsolidate compiler generated dependencies of target test_robot_arm_motion_planner[0m
[ 93%] Built target test_robot_arm_motion_planner
[01m[K/home/nithish/ur10e_ws/src/ros2_nr_motion_control/src/cartesian_space_trajectory_node.cpp:78:48:[m[K [01;31m[Kerror: [m[Kâ€˜[01m[KMarkerArray[m[Kâ€™ is not a member of â€˜[01m[Kvisualization_msgs::msg[m[Kâ€™
   78 |     rclcpp::Publisher<visualization_msgs::msg::[01;31m[KMarkerArray[m[K>::SharedPtr marker_pub_;
      |                                                [01;31m[K^~~~~~~~~~~[m[K
[01m[K/home/nithish/ur10e_ws/src/ros2_nr_motion_control/src/cartesian_space_trajectory_node.cpp:78:59:[m[K [01;31m[Kerror: [m[Ktemplate argument 1 is invalid
   78 |     rclcpp::Publisher<visualization_msgs::msg::MarkerArray[01;31m[K>[m[K::SharedPtr marker_pub_;
      |                                                           [01;31m[K^[m[K
[01m[K/home/nithish/ur10e_ws/src/ros2_nr_motion_control/src/cartesian_space_trajectory_node.cpp:78:62:[m[K [01;31m[Kerror: [m[Kexpected â€˜[01m[K;[m[Kâ€™ at end of member declaration
   78 |     rclcpp::Publisher<visualization_msgs::msg::MarkerArray>::[01;31m[KSharedPtr[m[K marker_pub_;
      |                                                              [01;31m[K^~~~~~~~~[m[K
      |                                                                       [32m[K;[m[K
[01m[K/home/nithish/ur10e_ws/src/ros2_nr_motion_control/src/cartesian_space_trajectory_node.cpp:78:72:[m[K [01;31m[Kerror: [m[Kâ€˜[01m[Kmarker_pub_[m[Kâ€™ does not name a type
   78 |     rclcpp::Publisher<visualization_msgs::msg::MarkerArray>::SharedPtr [01;31m[Kmarker_pub_[m[K;
      |                                                                        [01;31m[K^~~~~~~~~~~[m[K
[01m[K/home/nithish/ur10e_ws/src/ros2_nr_motion_control/src/cartesian_space_trajectory_node.cpp:[m[K In constructor â€˜[01m[KCartesianForceController::CartesianForceController()[m[Kâ€™:
[01m[K/home/nithish/ur10e_ws/src/ros2_nr_motion_control/src/cartesian_space_trajectory_node.cpp:105:12:[m[K [01;35m[Kwarning: [m[Kâ€˜[01m[KCartesianForceController::filtered_force_x_[m[Kâ€™ will be initialized after [[01;35m[K]8;;https://gcc.gnu.org/onlinedocs/gcc/Warning-Options.html#index-Wreorder-Wreorder]8;;[m[K]
  105 |     double [01;35m[Kfiltered_force_x_[m[K;
      |            [01;35m[K^~~~~~~~~~~~~~~~~[m[K
[01m[K/home/nithish/ur10e_ws/src/ros2_nr_motion_control/src/cartesian_space_trajectory_node.cpp:96:12:[m[K [01;35m[Kwarning: [m[K  â€˜[01m[Kdouble CartesianForceController::safety_force_limit_[m[Kâ€™ [[01;35m[K]8;;https://gcc.gnu.org/onlinedocs/gcc/Warning-Options.html#index-Wreorder-Wreorder]8;;[m[K]
   96 |     double [01;35m[Ksafety_force_limit_[m[K;
      |            [01;35m[K^~~~~~~~~~~~~~~~~~~[m[K
[01m[K/home/nithish/ur10e_ws/src/ros2_nr_motion_control/src/cartesian_space_trajectory_node.cpp:25:5:[m[K [01;35m[Kwarning: [m[K  when initialized here [[01;35m[K]8;;https://gcc.gnu.org/onlinedocs/gcc/Warning-Options.html#index-Wreorder-Wreorder]8;;[m[K]
   25 |     [01;35m[KCartesianForceController[m[K()
      |     [01;35m[K^~~~~~~~~~~~~~~~~~~~~~~~[m[K
[01m[K/home/nithish/ur10e_ws/src/ros2_nr_motion_control/src/cartesian_space_trajectory_node.cpp:58:9:[m[K [01;31m[Kerror: [m[Kâ€˜[01m[Kmarker_pub_[m[Kâ€™ was not declared in this scope
   58 |         [01;31m[Kmarker_pub_[m[K = this->create_publisher<visualization_msgs::msg::MarkerArray>(
      |         [01;31m[K^~~~~~~~~~~[m[K
[01m[K/home/nithish/ur10e_ws/src/ros2_nr_motion_control/src/cartesian_space_trajectory_node.cpp:58:71:[m[K [01;31m[Kerror: [m[Kâ€˜[01m[KMarkerArray[m[Kâ€™ is not a member of â€˜[01m[Kvisualization_msgs::msg[m[Kâ€™
   58 |         marker_pub_ = this->create_publisher<visualization_msgs::msg::[01;31m[KMarkerArray[m[K>(
      |                                                                       [01;31m[K^~~~~~~~~~~[m[K
[01m[K/home/nithish/ur10e_ws/src/ros2_nr_motion_control/src/cartesian_space_trajectory_node.cpp:58:83:[m[K [01;31m[Kerror: [m[Kno matching function for call to â€˜[01m[KCartesianForceController::create_publisher<<expression error> >(const char [23], int)[m[Kâ€™
   58 |         marker_pub_ = [01;31m[Kthis->create_publisher<visualization_msgs::msg::MarkerArray>([m[K
      |                       [01;31m[K~~~~~~~~~~~~~~~~~~~~~~~~~~~~~~~~~~~~~~~~~~~~~~~~~~~~~~~~~~~~^[m[K
   59 | [01;31m[K            "/ik_trajectory_markers", 10)[m[K;
      |             [01;31m[K~~~~~~~~~~~~~~~~~~~~~~~~~~~~~[m[K                                          
In file included from [01m[K/opt/ros/humble/include/rclcpp/rclcpp/node.hpp:1321[m[K,
                 from [01m[K/opt/ros/humble/include/rclcpp/rclcpp/executors/single_threaded_executor.hpp:28[m[K,
                 from [01m[K/opt/ros/humble/include/rclcpp/rclcpp/executors.hpp:22[m[K,
                 from [01m[K/opt/ros/humble/include/rclcpp/rclcpp/rclcpp.hpp:155[m[K,
                 from [01m[K/home/nithish/ur10e_ws/src/ros2_nr_motion_control/src/cartesian_space_trajectory_node.cpp:1[m[K:
[01m[K/opt/ros/humble/include/rclcpp/rclcpp/node_impl.hpp:73:1:[m[K [01;36m[Knote: [m[Kcandidate: â€˜[01m[Ktemplate<class MessageT, class AllocatorT, class PublisherT> std::shared_ptr<PublisherT> rclcpp::Node::create_publisher(const string&, const rclcpp::QoS&, const rclcpp::PublisherOptionsWithAllocator<AllocatorT>&)[m[Kâ€™
   73 | [01;36m[KNode[m[K::create_publisher(
      | [01;36m[K^~~~[m[K
[01m[K/opt/ros/humble/include/rclcpp/rclcpp/node_impl.hpp:73:1:[m[K [01;36m[Knote: [m[K  template argument deduction/substitution failed:
[01m[K/home/nithish/ur10e_ws/src/ros2_nr_motion_control/src/cartesian_space_trajectory_node.cpp:58:83:[m[K [01;31m[Kerror: [m[Ktemplate argument 1 is invalid
   58 |         marker_pub_ = [01;31m[Kthis->create_publisher<visualization_msgs::msg::MarkerArray>([m[K
      |                       [01;31m[K~~~~~~~~~~~~~~~~~~~~~~~~~~~~~~~~~~~~~~~~~~~~~~~~~~~~~~~~~~~~^[m[K
   59 | [01;31m[K            "/ik_trajectory_markers", 10)[m[K;
      |             [01;31m[K~~~~~~~~~~~~~~~~~~~~~~~~~~~~~[m[K                                          
[01m[K/home/nithish/ur10e_ws/src/ros2_nr_motion_control/src/cartesian_space_trajectory_node.cpp:[m[K In member function â€˜[01m[Kvoid CartesianForceController::publish_markers(const KDL::Frame&)[m[Kâ€™:
[01m[K/home/nithish/ur10e_ws/src/ros2_nr_motion_control/src/cartesian_space_trajectory_node.cpp:445:34:[m[K [01;31m[Kerror: [m[Kâ€˜[01m[KMarkerArray[m[Kâ€™ is not a member of â€˜[01m[Kvisualization_msgs::msg[m[Kâ€™
  445 |         visualization_msgs::msg::[01;31m[KMarkerArray[m[K marker_array;
      |                                  [01;31m[K^~~~~~~~~~~[m[K
[01m[K/home/nithish/ur10e_ws/src/ros2_nr_motion_control/src/cartesian_space_trajectory_node.cpp:475:9:[m[K [01;31m[Kerror: [m[Kâ€˜[01m[Kmarker_array[m[Kâ€™ was not declared in this scope
  475 |         [01;31m[Kmarker_array[m[K.markers.push_back(tool_marker);
      |         [01;31m[K^~~~~~~~~~~~[m[K
[01m[K/home/nithish/ur10e_ws/src/ros2_nr_motion_control/src/cartesian_space_trajectory_node.cpp:614:9:[m[K [01;31m[Kerror: [m[Kâ€˜[01m[Kmarker_pub_[m[Kâ€™ was not declared in this scope
  614 |         [01;31m[Kmarker_pub_[m[K->publish(marker_array);
      |         [01;31m[K^~~~~~~~~~~[m[K
gmake[2]: *** [CMakeFiles/cartesian_space_trajectory_node.dir/build.make:76: CMakeFiles/cartesian_space_trajectory_node.dir/src/cartesian_space_trajectory_node.cpp.o] Error 1
gmake[1]: *** [CMakeFiles/Makefile2:243: CMakeFiles/cartesian_space_trajectory_node.dir/all] Error 2
gmake: *** [Makefile:146: all] Error 2
