[0.057s] Invoking command in '/home/nithish/ur10e_ws/build/ros2_nr_motion_control': CMAKE_PREFIX_PATH=/home/nithish/ur10e_ws/install/ur_simulation_gazebo:/home/nithish/ur10e_ws/install/ur_description:/home/nithish/ur_ws/install/ur3e_spawn_gripper_moveit_config:/home/nithish/ur_ws/install/ur_sim:/home/nithish/ur_ws/install/ur_admittance:/home/nithish/ur10e_ws/install/ros2_nr_motion_control:/home/nithish/ur10e_ws/install/ur:/home/nithish/ur10e_ws/install/ur_calibration:/home/nithish/ur10e_ws/install/ur_robot_driver:/home/nithish/ur10e_ws/install/ur_moveit_config:/home/nithish/ur10e_ws/install/ur_bringup:/home/nithish/ur10e_ws/install/my_moveit_config:/home/nithish/ur10e_ws/install/ur_controllers:/home/nithish/ur10e_ws/install/ur_dashboard_msgs:/home/nithish/ws_moveit2/install/pilz_industrial_motion_planner_testutils:/home/nithish/ws_moveit2/install/moveit_runtime:/home/nithish/ws_moveit2/install/moveit:/home/nithish/ws_moveit2/install/moveit_planners:/home/nithish/ws_moveit2/install/pilz_industrial_motion_planner:/home/nithish/ws_moveit2/install/moveit_ros_control_interface:/home/nithish/ws_moveit2/install/moveit_plugins:/home/nithish/ws_moveit2/install/moveit_simple_controller_manager:/home/nithish/ws_moveit2/install/moveit_setup_assistant:/home/nithish/ws_moveit2/install/moveit_setup_srdf_plugins:/home/nithish/ws_moveit2/install/moveit_setup_core_plugins:/home/nithish/ws_moveit2/install/moveit_setup_controllers:/home/nithish/ws_moveit2/install/moveit_setup_app_plugins:/home/nithish/ws_moveit2/install/moveit_setup_framework:/home/nithish/ws_moveit2/install/moveit_servo:/home/nithish/ws_moveit2/install/moveit_ros:/home/nithish/ws_moveit2/install/moveit_ros_visualization:/home/nithish/ws_moveit2/install/moveit_hybrid_planning:/home/nithish/ws_moveit2/install/moveit_ros_planning_interface:/home/nithish/ws_moveit2/install/moveit_ros_benchmarks:/home/nithish/ws_moveit2/install/moveit_ros_warehouse:/home/nithish/ws_moveit2/install/moveit_ros_robot_interaction:/home/nithish/ws_moveit2/install/moveit_ros_perception:/home/nithish/ws_moveit2/install/moveit_resources_prbt_pg70_support:/home/nithish/ws_moveit2/install/moveit_resources_prbt_moveit_config:/home/nithish/ws_moveit2/install/moveit_ros_move_group:/home/nithish/ws_moveit2/install/moveit_planners_ompl:/home/nithish/ws_moveit2/install/moveit_ros_planning:/home/nithish/ws_moveit2/install/moveit_ros_occupancy_map_monitor:/home/nithish/ws_moveit2/install/moveit_resources_prbt_support:/home/nithish/ws_moveit2/install/moveit_resources_prbt_ikfast_manipulator_plugin:/home/nithish/ws_moveit2/install/moveit_planners_chomp:/home/nithish/ws_moveit2/install/moveit_kinematics:/home/nithish/ws_moveit2/install/moveit_chomp_optimizer_adapter:/home/nithish/ws_moveit2/install/chomp_motion_planner:/home/nithish/ws_moveit2/install/moveit_core:/home/nithish/ws_moveit2/install/moveit_common:/home/nithish/rviz2_ws/install:/home/nithish/robotic_arm_ws/install/ur_simulation_gz:/home/nithish/robotic_arm_ws/install/ur:/home/nithish/robotic_arm_ws/install/ur_calibration:/home/nithish/robotic_arm_ws/install/ur_robot_driver:/home/nithish/robotic_arm_ws/install/ur_moveit_config:/home/nithish/robotic_arm_ws/install/ur_bringup:/home/nithish/robotic_arm_ws/install/ur_description:/home/nithish/robotic_arm_ws/install/ur_controllers:/home/nithish/robotic_arm_ws/install/ur_dashboard_msgs:/home/nithish/ur10e_ws/install/wrench_bridge:/home/nithish/ws_moveit2/install/moveit_configs_utils:/home/nithish/robotic_arm_ws/install/path_planner:/opt/ros/humble /usr/bin/cmake --build /home/nithish/ur10e_ws/build/ros2_nr_motion_control -- -j12 -l12
[0.149s] -- Found ament_cmake: 1.3.12 (/opt/ros/humble/share/ament_cmake/cmake)
[0.546s] -- Found rclcpp: 16.0.15 (/opt/ros/humble/share/rclcpp/cmake)
[0.631s] -- Found rosidl_generator_c: 3.1.7 (/opt/ros/humble/share/rosidl_generator_c/cmake)
[0.638s] -- Found rosidl_adapter: 3.1.7 (/opt/ros/humble/share/rosidl_adapter/cmake)
[0.653s] -- Found rosidl_generator_cpp: 3.1.7 (/opt/ros/humble/share/rosidl_generator_cpp/cmake)
[0.680s] -- Using all available rosidl_typesupport_c: rosidl_typesupport_fastrtps_c;rosidl_typesupport_introspection_c
[0.712s] -- Using all available rosidl_typesupport_cpp: rosidl_typesupport_fastrtps_cpp;rosidl_typesupport_introspection_cpp
[0.816s] -- Found rmw_implementation_cmake: 6.1.2 (/opt/ros/humble/share/rmw_implementation_cmake/cmake)
[0.825s] -- Found rmw_cyclonedds_cpp: 1.3.4 (/opt/ros/humble/share/rmw_cyclonedds_cpp/cmake)
[0.881s] -- Using RMW implementation 'rmw_cyclonedds_cpp' as default
[1.034s] -- Found sensor_msgs: 4.9.0 (/opt/ros/humble/share/sensor_msgs/cmake)
[1.104s] -- Found trajectory_msgs: 4.9.0 (/opt/ros/humble/share/trajectory_msgs/cmake)
[1.153s] -- Found urdf: 2.6.1 (/opt/ros/humble/share/urdf/cmake)
[1.217s] -- Found action_msgs: 1.2.2 (/opt/ros/humble/share/action_msgs/cmake)
[1.271s] -- Found control_msgs: 4.8.0 (/opt/ros/humble/share/control_msgs/cmake)
[1.329s] -- Found rclcpp_action: 16.0.15 (/opt/ros/humble/share/rclcpp_action/cmake)
[1.350s] -- Found orocos_kdl_vendor: 0.2.5 (/opt/ros/humble/share/orocos_kdl_vendor/cmake)
[1.354s] -- Found eigen3_cmake_module: 0.1.1 (/opt/ros/humble/share/eigen3_cmake_module/cmake)
[1.357s] -- Ensuring Eigen3 include directory is part of orocos-kdl CMake target
[1.361s] -- Found kdl_parser: 2.6.4 (/opt/ros/humble/share/kdl_parser/cmake)
[1.365s] -- Found visualization_msgs: 4.9.0 (/opt/ros/humble/share/visualization_msgs/cmake)
[1.412s] -- Found tf2: 0.25.16 (/opt/ros/humble/share/tf2/cmake)
[1.420s] -- Found tf2_geometry_msgs: 0.25.16 (/opt/ros/humble/share/tf2_geometry_msgs/cmake)
[1.657s] -- Found ament_cmake_gtest: 1.3.12 (/opt/ros/humble/share/ament_cmake_gtest/cmake)
[1.659s] -- Found gtest sources under '/opt/ros/humble/src/gtest_vendor': C++ tests using 'Google Test' will be built
[1.667s] -- Found ament_lint_auto: 0.12.14 (/opt/ros/humble/share/ament_lint_auto/cmake)
[1.845s] -- Configuring done
[1.915s] -- Generating done
[1.948s] -- Build files have been written to: /home/nithish/ur10e_ws/build/ros2_nr_motion_control
[2.033s] [35m[1mConsolidate compiler generated dependencies of target cartesian_space_trajectory_node[0m
[2.036s] [35m[1mConsolidate compiler generated dependencies of target gtest_main[0m
[2.037s] [35m[1mConsolidate compiler generated dependencies of target joint_sine_publisher[0m
[2.037s] [35m[1mConsolidate compiler generated dependencies of target gtest[0m
[2.037s] [35m[1mConsolidate compiler generated dependencies of target joint_angle_publisher[0m
[2.038s] [35m[1mConsolidate compiler generated dependencies of target joint_space_trajectory_node[0m
[2.038s] [35m[1mConsolidate compiler generated dependencies of target helix_trajectory_publisher[0m
[2.094s] [ 25%] Built target gtest
[2.095s] [ 25%] Built target gtest_main
[2.097s] [ 37%] Built target joint_space_trajectory_node
[2.099s] [ 50%] Built target joint_angle_publisher
[2.101s] [ 62%] Built target joint_sine_publisher
[2.104s] [ 68%] [32mBuilding CXX object CMakeFiles/cartesian_space_trajectory_node.dir/src/cartesian_space_trajectory_node.cpp.o[0m
[2.111s] [ 81%] Built target helix_trajectory_publisher
[2.142s] [35m[1mConsolidate compiler generated dependencies of target test_robot_arm_motion_planner[0m
[2.194s] [ 93%] Built target test_robot_arm_motion_planner
[9.851s] [01m[K/home/nithish/ur10e_ws/src/ros2_nr_motion_control/src/cartesian_space_trajectory_node.cpp:406:10:[m[K [01;31m[Kerror: [m[Kvariable or field â€˜[01m[Kpublish[m[Kâ€™ declared void
[9.851s]   406 |     void [01;31m[Kpublish[m[K
[9.852s]       |          [01;31m[K^~~~~~~[m[K
[9.853s] [01m[K/home/nithish/ur10e_ws/src/ros2_nr_motion_control/src/cartesian_space_trajectory_node.cpp:406:10:[m[K [01;31m[Kerror: [m[Kexpected â€˜[01m[K;[m[Kâ€™ at end of member declaration
[9.853s]   406 |     void [01;31m[Kpublish[m[K
[9.853s]       |          [01;31m[K^~~~~~~[m[K
[9.853s]       |                 [32m[K;[m[K
[9.854s] [01m[K/home/nithish/ur10e_ws/src/ros2_nr_motion_control/src/cartesian_space_trajectory_node.cpp:406:17:[m[K [01;31m[Kerror: [m[Kexpected â€˜[01m[K}[m[Kâ€™ at end of input
[9.854s]   406 |     void publish
[9.854s]       |                 [01;31m[K^[m[K
[9.854s] [01m[K/home/nithish/ur10e_ws/src/ros2_nr_motion_control/src/cartesian_space_trajectory_node.cpp:28:1:[m[K [01;36m[Knote: [m[Kto match this â€˜[01m[K{[m[Kâ€™
[9.854s]    28 | [01;36m[K{[m[K
[9.854s]       | [01;36m[K^[m[K
[9.914s] [01m[K/home/nithish/ur10e_ws/src/ros2_nr_motion_control/src/cartesian_space_trajectory_node.cpp:[m[K In constructor â€˜[01m[KURForceModeController::URForceModeController()[m[Kâ€™:
[9.914s] [01m[K/home/nithish/ur10e_ws/src/ros2_nr_motion_control/src/cartesian_space_trajectory_node.cpp:69:47:[m[K [01;31m[Kerror: [m[Kâ€˜[01m[Kon_urdf_received[m[Kâ€™ is not a member of â€˜[01m[KURForceModeController[m[Kâ€™
[9.915s]    69 |             std::bind(&URForceModeController::[01;31m[Kon_urdf_received[m[K, this, _1));
[9.915s]       |                                               [01;31m[K^~~~~~~~~~~~~~~~[m[K
[9.947s] [01m[K/home/nithish/ur10e_ws/src/ros2_nr_motion_control/src/cartesian_space_trajectory_node.cpp:[m[K In member function â€˜[01m[Kvoid URForceModeController::tcp_pose_callback(geometry_msgs::msg::PoseStamped_<std::allocator<void> >::SharedPtr)[m[Kâ€™:
[9.948s] [01m[K/home/nithish/ur10e_ws/src/ros2_nr_motion_control/src/cartesian_space_trajectory_node.cpp:198:44:[m[K [01;31m[Kerror: [m[Kno match for â€˜[01m[Koperator-[m[Kâ€™ (operand types are â€˜[01m[Kstd_msgs::msg::Header_<std::allocator<void> >::_stamp_type[m[Kâ€™ {aka â€˜[01m[Kbuiltin_interfaces::msg::Time_<std::allocator<void> >[m[Kâ€™} and â€˜[01m[Krclcpp::Time[m[Kâ€™)
[9.948s]   198 |             double dt = ([32m[Kmsg->header.stamp[m[K [01;31m[K-[m[K [34m[Klast_time[m[K).seconds();
[9.948s]       |                          [32m[K~~~~~~~~~~~~~~~~~[m[K [01;31m[K^[m[K [34m[K~~~~~~~~~[m[K
[9.948s]       |                                      [32m[K|[m[K       [34m[K|[m[K
[9.948s]       |                                      [32m[K|[m[K       [34m[Krclcpp::Time[m[K
[9.949s]       |                                      [32m[Kstd_msgs::msg::Header_<std::allocator<void> >::_stamp_type {aka builtin_interfaces::msg::Time_<std::allocator<void> >}[m[K
[9.949s] In file included from [01m[K/usr/include/c++/11/bits/stl_algobase.h:67[m[K,
[9.949s]                  from [01m[K/usr/include/c++/11/memory:63[m[K,
[9.949s]                  from [01m[K/opt/ros/humble/include/rclcpp/rclcpp/rclcpp.hpp:153[m[K,
[9.949s]                  from [01m[K/home/nithish/ur10e_ws/src/ros2_nr_motion_control/src/cartesian_space_trajectory_node.cpp:1[m[K:
[9.949s] [01m[K/usr/include/c++/11/bits/stl_iterator.h:577:5:[m[K [01;36m[Knote: [m[Kcandidate: â€˜[01m[Ktemplate<class _IteratorL, class _IteratorR> constexpr decltype ((__y.base() - __x.base())) std::operator-(const std::reverse_iterator<_Iterator>&, const std::reverse_iterator<_IteratorR>&)[m[Kâ€™
[9.949s]   577 |     [01;36m[Koperator[m[K-(const reverse_iterator<_IteratorL>& __x,
[9.950s]       |     [01;36m[K^~~~~~~~[m[K
[9.950s] [01m[K/usr/include/c++/11/bits/stl_iterator.h:577:5:[m[K [01;36m[Knote: [m[K  template argument deduction/substitution failed:
[9.950s] [01m[K/home/nithish/ur10e_ws/src/ros2_nr_motion_control/src/cartesian_space_trajectory_node.cpp:198:46:[m[K [01;36m[Knote: [m[K  â€˜[01m[Kstd_msgs::msg::Header_<std::allocator<void> >::_stamp_type[m[Kâ€™ {aka â€˜[01m[Kbuiltin_interfaces::msg::Time_<std::allocator<void> >[m[Kâ€™} is not derived from â€˜[01m[Kconst std::reverse_iterator<_Iterator>[m[Kâ€™
[9.950s]   198 |             double dt = (msg->header.stamp - [01;36m[Klast_time[m[K).seconds();
[9.950s]       |                                              [01;36m[K^~~~~~~~~[m[K
[9.950s] In file included from [01m[K/usr/include/c++/11/bits/stl_algobase.h:67[m[K,
[9.950s]                  from [01m[K/usr/include/c++/11/memory:63[m[K,
[9.951s]                  from [01m[K/opt/ros/humble/include/rclcpp/rclcpp/rclcpp.hpp:153[m[K,
[9.951s]                  from [01m[K/home/nithish/ur10e_ws/src/ros2_nr_motion_control/src/cartesian_space_trajectory_node.cpp:1[m[K:
[9.951s] [01m[K/usr/include/c++/11/bits/stl_iterator.h:1693:5:[m[K [01;36m[Knote: [m[Kcandidate: â€˜[01m[Ktemplate<class _IteratorL, class _IteratorR> constexpr decltype ((__x.base() - __y.base())) std::operator-(const std::move_iterator<_IteratorL>&, const std::move_iterator<_IteratorR>&)[m[Kâ€™
[9.951s]  1693 |     [01;36m[Koperator[m[K-(const move_iterator<_IteratorL>& __x,
[9.951s]       |     [01;36m[K^~~~~~~~[m[K
[9.951s] [01m[K/usr/include/c++/11/bits/stl_iterator.h:1693:5:[m[K [01;36m[Knote: [m[K  template argument deduction/substitution failed:
[9.952s] [01m[K/home/nithish/ur10e_ws/src/ros2_nr_motion_control/src/cartesian_space_trajectory_node.cpp:198:46:[m[K [01;36m[Knote: [m[K  â€˜[01m[Kstd_msgs::msg::Header_<std::allocator<void> >::_stamp_type[m[Kâ€™ {aka â€˜[01m[Kbuiltin_interfaces::msg::Time_<std::allocator<void> >[m[Kâ€™} is not derived from â€˜[01m[Kconst std::move_iterator<_IteratorL>[m[Kâ€™
[9.952s]   198 |             double dt = (msg->header.stamp - [01;36m[Klast_time[m[K).seconds();
[9.952s]       |                                              [01;36m[K^~~~~~~~~[m[K
[9.952s] In file included from [01m[K/usr/include/eigen3/Eigen/Core:50[m[K,
[9.952s]                  from [01m[K/usr/include/kdl/jacobian.hpp:26[m[K,
[9.953s]                  from [01m[K/usr/include/kdl/jntarray.hpp:26[m[K,
[9.953s]                  from [01m[K/usr/include/kdl/chainiksolver.hpp:29[m[K,
[9.953s]                  from [01m[K/usr/include/kdl/chainiksolverpos_lma.hpp:34[m[K,
[9.953s]                  from [01m[K/home/nithish/ur10e_ws/src/ros2_nr_motion_control/src/cartesian_space_trajectory_node.cpp:12[m[K:
[9.953s] [01m[K/usr/include/c++/11/complex:362:5:[m[K [01;36m[Knote: [m[Kcandidate: â€˜[01m[Ktemplate<class _Tp> std::complex<_Tp> std::operator-(const std::complex<_Tp>&, const std::complex<_Tp>&)[m[Kâ€™
[9.953s]   362 |     [01;36m[Koperator[m[K-(const complex<_Tp>& __x, const complex<_Tp>& __y)
[9.954s]       |     [01;36m[K^~~~~~~~[m[K
[9.954s] [01m[K/usr/include/c++/11/complex:362:5:[m[K [01;36m[Knote: [m[K  template argument deduction/substitution failed:
[9.954s] [01m[K/home/nithish/ur10e_ws/src/ros2_nr_motion_control/src/cartesian_space_trajectory_node.cpp:198:46:[m[K [01;36m[Knote: [m[K  â€˜[01m[Kstd_msgs::msg::Header_<std::allocator<void> >::_stamp_type[m[Kâ€™ {aka â€˜[01m[Kbuiltin_interfaces::msg::Time_<std::allocator<void> >[m[Kâ€™} is not derived from â€˜[01m[Kconst std::complex<_Tp>[m[Kâ€™
[9.954s]   198 |             double dt = (msg->header.stamp - [01;36m[Klast_time[m[K).seconds();
[9.954s]       |                                              [01;36m[K^~~~~~~~~[m[K
[9.954s] In file included from [01m[K/usr/include/eigen3/Eigen/Core:50[m[K,
[9.955s]                  from [01m[K/usr/include/kdl/jacobian.hpp:26[m[K,
[9.955s]                  from [01m[K/usr/include/kdl/jntarray.hpp:26[m[K,
[9.955s]                  from [01m[K/usr/include/kdl/chainiksolver.hpp:29[m[K,
[9.955s]                  from [01m[K/usr/include/kdl/chainiksolverpos_lma.hpp:34[m[K,
[9.955s]                  from [01m[K/home/nithish/ur10e_ws/src/ros2_nr_motion_control/src/cartesian_space_trajectory_node.cpp:12[m[K:
[9.955s] [01m[K/usr/include/c++/11/complex:371:5:[m[K [01;36m[Knote: [m[Kcandidate: â€˜[01m[Ktemplate<class _Tp> std::complex<_Tp> std::operator-(const std::complex<_Tp>&, const _Tp&)[m[Kâ€™
[9.956s]   371 |     [01;36m[Koperator[m[K-(const complex<_Tp>& __x, const _Tp& __y)
[9.956s]       |     [01;36m[K^~~~~~~~[m[K
[9.956s] [01m[K/usr/include/c++/11/complex:371:5:[m[K [01;36m[Knote: [m[K  template argument deduction/substitution failed:
[9.956s] [01m[K/home/nithish/ur10e_ws/src/ros2_nr_motion_control/src/cartesian_space_trajectory_node.cpp:198:46:[m[K [01;36m[Knote: [m[K  â€˜[01m[Kstd_msgs::msg::Header_<std::allocator<void> >::_stamp_type[m[Kâ€™ {aka â€˜[01m[Kbuiltin_interfaces::msg::Time_<std::allocator<void> >[m[Kâ€™} is not derived from â€˜[01m[Kconst std::complex<_Tp>[m[Kâ€™
[9.956s]   198 |             double dt = (msg->header.stamp - [01;36m[Klast_time[m[K).seconds();
[9.956s]       |                                              [01;36m[K^~~~~~~~~[m[K
[9.957s] In file included from [01m[K/usr/include/eigen3/Eigen/Core:50[m[K,
[9.957s]                  from [01m[K/usr/include/kdl/jacobian.hpp:26[m[K,
[9.957s]                  from [01m[K/usr/include/kdl/jntarray.hpp:26[m[K,
[9.957s]                  from [01m[K/usr/include/kdl/chainiksolver.hpp:29[m[K,
[9.957s]                  from [01m[K/usr/include/kdl/chainiksolverpos_lma.hpp:34[m[K,
[9.957s]                  from [01m[K/home/nithish/ur10e_ws/src/ros2_nr_motion_control/src/cartesian_space_trajectory_node.cpp:12[m[K:
[9.958s] [01m[K/usr/include/c++/11/complex:380:5:[m[K [01;36m[Knote: [m[Kcandidate: â€˜[01m[Ktemplate<class _Tp> std::complex<_Tp> std::operator-(const _Tp&, const std::complex<_Tp>&)[m[Kâ€™
[9.958s]   380 |     [01;36m[Koperator[m[K-(const _Tp& __x, const complex<_Tp>& __y)
[9.958s]       |     [01;36m[K^~~~~~~~[m[K
[9.958s] [01m[K/usr/include/c++/11/complex:380:5:[m[K [01;36m[Knote: [m[K  template argument deduction/substitution failed:
[9.958s] [01m[K/home/nithish/ur10e_ws/src/ros2_nr_motion_control/src/cartesian_space_trajectory_node.cpp:198:46:[m[K [01;36m[Knote: [m[K  â€˜[01m[Krclcpp::Time[m[Kâ€™ is not derived from â€˜[01m[Kconst std::complex<_Tp>[m[Kâ€™
[9.958s]   198 |             double dt = (msg->header.stamp - [01;36m[Klast_time[m[K).seconds();
[9.958s]       |                                              [01;36m[K^~~~~~~~~[m[K
[9.959s] In file included from [01m[K/usr/include/eigen3/Eigen/Core:50[m[K,
[9.959s]                  from [01m[K/usr/include/kdl/jacobian.hpp:26[m[K,
[9.959s]                  from [01m[K/usr/include/kdl/jntarray.hpp:26[m[K,
[9.959s]                  from [01m[K/usr/include/kdl/chainiksolver.hpp:29[m[K,
[9.959s]                  from [01m[K/usr/include/kdl/chainiksolverpos_lma.hpp:34[m[K,
[9.959s]                  from [01m[K/home/nithish/ur10e_ws/src/ros2_nr_motion_control/src/cartesian_space_trajectory_node.cpp:12[m[K:
[9.960s] [01m[K/usr/include/c++/11/complex:457:5:[m[K [01;36m[Knote: [m[Kcandidate: â€˜[01m[Ktemplate<class _Tp> std::complex<_Tp> std::operator-(const std::complex<_Tp>&)[m[Kâ€™
[9.960s]   457 |     [01;36m[Koperator[m[K-(const complex<_Tp>& __x)
[9.960s]       |     [01;36m[K^~~~~~~~[m[K
[9.960s] [01m[K/usr/include/c++/11/complex:457:5:[m[K [01;36m[Knote: [m[K  template argument deduction/substitution failed:
[9.960s] [01m[K/home/nithish/ur10e_ws/src/ros2_nr_motion_control/src/cartesian_space_trajectory_node.cpp:198:46:[m[K [01;36m[Knote: [m[K  â€˜[01m[Kstd_msgs::msg::Header_<std::allocator<void> >::_stamp_type[m[Kâ€™ {aka â€˜[01m[Kbuiltin_interfaces::msg::Time_<std::allocator<void> >[m[Kâ€™} is not derived from â€˜[01m[Kconst std::complex<_Tp>[m[Kâ€™
[9.960s]   198 |             double dt = (msg->header.stamp - [01;36m[Klast_time[m[K).seconds();
[9.961s]       |                                              [01;36m[K^~~~~~~~~[m[K
[10.043s] [01m[K/home/nithish/ur10e_ws/src/ros2_nr_motion_control/src/cartesian_space_trajectory_node.cpp:[m[K In member function â€˜[01m[Kvoid URForceModeController::force_callback(geometry_msgs::msg::WrenchStamped_<std::allocator<void> >::SharedPtr)[m[Kâ€™:
[10.043s] [01m[K/home/nithish/ur10e_ws/src/ros2_nr_motion_control/src/cartesian_space_trajectory_node.cpp:246:13:[m[K [01;31m[Kerror: [m[Kâ€˜[01m[Kpublish_status[m[Kâ€™ was not declared in this scope
[10.043s]   246 |             [01;31m[Kpublish_status[m[K("EMERGENCY_STOP_FORCE_LIMIT_EXCEEDED");
[10.043s]       |             [01;31m[K^~~~~~~~~~~~~~[m[K
[10.067s] [01m[K/home/nithish/ur10e_ws/src/ros2_nr_motion_control/src/cartesian_space_trajectory_node.cpp:269:13:[m[K [01;31m[Kerror: [m[Kâ€˜[01m[Kpublish_status[m[Kâ€™ was not declared in this scope
[10.067s]   269 |             [01;31m[Kpublish_status[m[K("FORCE_CONTACT_ESTABLISHED");
[10.068s]       |             [01;31m[K^~~~~~~~~~~~~~[m[K
[10.090s] [01m[K/home/nithish/ur10e_ws/src/ros2_nr_motion_control/src/cartesian_space_trajectory_node.cpp:279:21:[m[K [01;31m[Kerror: [m[Kâ€˜[01m[Kpublish_status[m[Kâ€™ was not declared in this scope
[10.091s]   279 |                     [01;31m[Kpublish_status[m[K("TANGENTIAL_MOVEMENT_STARTED");
[10.091s]       |                     [01;31m[K^~~~~~~~~~~~~~[m[K
[10.298s] [01m[K/home/nithish/ur10e_ws/src/ros2_nr_motion_control/src/cartesian_space_trajectory_node.cpp:[m[K At global scope:
[10.299s] [01m[K/home/nithish/ur10e_ws/src/ros2_nr_motion_control/src/cartesian_space_trajectory_node.cpp:406:17:[m[K [01;31m[Kerror: [m[Kexpected unqualified-id at end of input
[10.299s]   406 |     void publish
[10.299s]       |                 [01;31m[K^[m[K
[18.006s] gmake[2]: *** [CMakeFiles/cartesian_space_trajectory_node.dir/build.make:76: CMakeFiles/cartesian_space_trajectory_node.dir/src/cartesian_space_trajectory_node.cpp.o] Error 1
[18.007s] gmake[1]: *** [CMakeFiles/Makefile2:243: CMakeFiles/cartesian_space_trajectory_node.dir/all] Error 2
[18.007s] gmake: *** [Makefile:146: all] Error 2
[18.012s] Invoked command in '/home/nithish/ur10e_ws/build/ros2_nr_motion_control' returned '2': CMAKE_PREFIX_PATH=/home/nithish/ur10e_ws/install/ur_simulation_gazebo:/home/nithish/ur10e_ws/install/ur_description:/home/nithish/ur_ws/install/ur3e_spawn_gripper_moveit_config:/home/nithish/ur_ws/install/ur_sim:/home/nithish/ur_ws/install/ur_admittance:/home/nithish/ur10e_ws/install/ros2_nr_motion_control:/home/nithish/ur10e_ws/install/ur:/home/nithish/ur10e_ws/install/ur_calibration:/home/nithish/ur10e_ws/install/ur_robot_driver:/home/nithish/ur10e_ws/install/ur_moveit_config:/home/nithish/ur10e_ws/install/ur_bringup:/home/nithish/ur10e_ws/install/my_moveit_config:/home/nithish/ur10e_ws/install/ur_controllers:/home/nithish/ur10e_ws/install/ur_dashboard_msgs:/home/nithish/ws_moveit2/install/pilz_industrial_motion_planner_testutils:/home/nithish/ws_moveit2/install/moveit_runtime:/home/nithish/ws_moveit2/install/moveit:/home/nithish/ws_moveit2/install/moveit_planners:/home/nithish/ws_moveit2/install/pilz_industrial_motion_planner:/home/nithish/ws_moveit2/install/moveit_ros_control_interface:/home/nithish/ws_moveit2/install/moveit_plugins:/home/nithish/ws_moveit2/install/moveit_simple_controller_manager:/home/nithish/ws_moveit2/install/moveit_setup_assistant:/home/nithish/ws_moveit2/install/moveit_setup_srdf_plugins:/home/nithish/ws_moveit2/install/moveit_setup_core_plugins:/home/nithish/ws_moveit2/install/moveit_setup_controllers:/home/nithish/ws_moveit2/install/moveit_setup_app_plugins:/home/nithish/ws_moveit2/install/moveit_setup_framework:/home/nithish/ws_moveit2/install/moveit_servo:/home/nithish/ws_moveit2/install/moveit_ros:/home/nithish/ws_moveit2/install/moveit_ros_visualization:/home/nithish/ws_moveit2/install/moveit_hybrid_planning:/home/nithish/ws_moveit2/install/moveit_ros_planning_interface:/home/nithish/ws_moveit2/install/moveit_ros_benchmarks:/home/nithish/ws_moveit2/install/moveit_ros_warehouse:/home/nithish/ws_moveit2/install/moveit_ros_robot_interaction:/home/nithish/ws_moveit2/install/moveit_ros_perception:/home/nithish/ws_moveit2/install/moveit_resources_prbt_pg70_support:/home/nithish/ws_moveit2/install/moveit_resources_prbt_moveit_config:/home/nithish/ws_moveit2/install/moveit_ros_move_group:/home/nithish/ws_moveit2/install/moveit_planners_ompl:/home/nithish/ws_moveit2/install/moveit_ros_planning:/home/nithish/ws_moveit2/install/moveit_ros_occupancy_map_monitor:/home/nithish/ws_moveit2/install/moveit_resources_prbt_support:/home/nithish/ws_moveit2/install/moveit_resources_prbt_ikfast_manipulator_plugin:/home/nithish/ws_moveit2/install/moveit_planners_chomp:/home/nithish/ws_moveit2/install/moveit_kinematics:/home/nithish/ws_moveit2/install/moveit_chomp_optimizer_adapter:/home/nithish/ws_moveit2/install/chomp_motion_planner:/home/nithish/ws_moveit2/install/moveit_core:/home/nithish/ws_moveit2/install/moveit_common:/home/nithish/rviz2_ws/install:/home/nithish/robotic_arm_ws/install/ur_simulation_gz:/home/nithish/robotic_arm_ws/install/ur:/home/nithish/robotic_arm_ws/install/ur_calibration:/home/nithish/robotic_arm_ws/install/ur_robot_driver:/home/nithish/robotic_arm_ws/install/ur_moveit_config:/home/nithish/robotic_arm_ws/install/ur_bringup:/home/nithish/robotic_arm_ws/install/ur_description:/home/nithish/robotic_arm_ws/install/ur_controllers:/home/nithish/robotic_arm_ws/install/ur_dashboard_msgs:/home/nithish/ur10e_ws/install/wrench_bridge:/home/nithish/ws_moveit2/install/moveit_configs_utils:/home/nithish/robotic_arm_ws/install/path_planner:/opt/ros/humble /usr/bin/cmake --build /home/nithish/ur10e_ws/build/ros2_nr_motion_control -- -j12 -l12
